app/build/outputs/apk/manifest-merger-debug-report.txt
-- Merging decision tree log ---
manifest
ADDED from AndroidManifest.xml:2:1
	package
		ADDED from AndroidManifest.xml:3:5
		INJECTED from AndroidManifest.xml:0:0
		INJECTED from AndroidManifest.xml:0:0
	android:versionName
		INJECTED from AndroidManifest.xml:0:0
		INJECTED from AndroidManifest.xml:0:0
	xmlns:android
		ADDED from AndroidManifest.xml:2:11
	android:versionCode
		INJECTED from AndroidManifest.xml:0:0
		INJECTED from AndroidManifest.xml:0:0
application
ADDED from AndroidManifest.xml:5:5
MERGED from com.akexorcist:library:1.0.0:13:5
MERGED from com.android.support:support-v4:25.0.0:25:5
MERGED from com.android.support:support-compat:25.0.0:25:5
MERGED from com.android.support:support-media-compat:25.0.0:25:5
MERGED from com.android.support:support-compat:25.0.0:25:5
MERGED from com.android.support:support-core-utils:25.0.0:25:5
MERGED from com.android.support:support-compat:25.0.0:25:5
MERGED from com.android.support:support-core-ui:25.0.0:25:5
MERGED from com.android.support:support-compat:25.0.0:25:5
MERGED from com.android.support:support-fragment:25.0.0:25:5
MERGED from com.android.support:support-compat:25.0.0:25:5
MERGED from com.android.support:support-media-compat:25.0.0:25:5
MERGED from com.android.support:support-compat:25.0.0:25:5
MERGED from com.android.support:support-core-ui:25.0.0:25:5
MERGED from com.android.support:support-compat:25.0.0:25:5
MERGED from com.android.support:support-core-utils:25.0.0:25:5
MERGED from com.android.support:support-compat:25.0.0:25:5
	android:label
		ADDED from AndroidManifest.xml:8:9
	android:allowBackup
		ADDED from AndroidManifest.xml:6:9
	android:icon
		ADDED from AndroidManifest.xml:7:9
	android:theme
		ADDED from AndroidManifest.xml:9:9
activity#app.akexorcist.bluetoothspp.Main
ADDED from AndroidManifest.xml:10:9
	android:label
		ADDED from AndroidManifest.xml:12:13
	android:name
		ADDED from AndroidManifest.xml:11:13
intent-filter#android.intent.action.MAIN+android.intent.category.LAUNCHER
ADDED from AndroidManifest.xml:13:13
action#android.intent.action.MAIN
ADDED from AndroidManifest.xml:14:17
	android:name
		ADDED from AndroidManifest.xml:14:25
category#android.intent.category.LAUNCHER
ADDED from AndroidManifest.xml:16:17
	android:name
		ADDED from AndroidManifest.xml:16:27
activity#app.akexorcist.bluetoothspp.SimpleActivity
ADDED from AndroidManifest.xml:19:9
	android:label
		ADDED from AndroidManifest.xml:21:13
	android:name
		ADDED from AndroidManifest.xml:20:13
activity#app.akexorcist.bluetoothspp.ListenerActivity
ADDED from AndroidManifest.xml:22:9
	android:label
		ADDED from AndroidManifest.xml:24:13
	android:name
		ADDED from AndroidManifest.xml:23:13
activity#app.akexorcist.bluetoothspp.AutoConnectActivity
ADDED from AndroidManifest.xml:25:9
	android:label
		ADDED from AndroidManifest.xml:27:13
	android:name
		ADDED from AndroidManifest.xml:26:13
activity#app.akexorcist.bluetoothspp.DeviceListActivity
ADDED from AndroidManifest.xml:28:9
	android:label
		ADDED from AndroidManifest.xml:30:13
	android:name
		ADDED from AndroidManifest.xml:29:13
activity#app.akexorcist.bluetoothspp.TerminalActivity
ADDED from AndroidManifest.xml:31:9
	android:label
		ADDED from AndroidManifest.xml:33:13
	android:name
		ADDED from AndroidManifest.xml:32:13
service#app.akexorcist.bluetoothspp.AutoConnectService
ADDED from AndroidManifest.xml:35:9
	android:enabled
		ADDED from AndroidManifest.xml:37:13
	android:exported
		ADDED from AndroidManifest.xml:38:13
	android:name
		ADDED from AndroidManifest.xml:36:13
service#app.akexorcist.bluetoothspp.MqttBrokerService
ADDED from AndroidManifest.xml:39:9
	android:enabled
		ADDED from AndroidManifest.xml:41:13
	android:exported
		ADDED from AndroidManifest.xml:42:13
	android:name
		ADDED from AndroidManifest.xml:40:13
uses-sdk
INJECTED from AndroidManifest.xml:0:0 reason: use-sdk injection requested
MERGED from com.android.support:support-v4:25.0.0:21:5
MERGED from com.android.support:support-compat:25.0.0:21:5
MERGED from com.android.support:support-media-compat:25.0.0:21:5
MERGED from com.android.support:support-compat:25.0.0:21:5
MERGED from com.android.support:support-core-utils:25.0.0:21:5
MERGED from com.android.support:support-compat:25.0.0:21:5
MERGED from com.android.support:support-core-ui:25.0.0:21:5
MERGED from com.android.support:support-compat:25.0.0:21:5
MERGED from com.android.support:support-fragment:25.0.0:21:5
MERGED from com.android.support:support-compat:25.0.0:21:5
MERGED from com.android.support:support-media-compat:25.0.0:21:5
MERGED from com.android.support:support-compat:25.0.0:21:5
MERGED from com.android.support:support-core-ui:25.0.0:21:5
MERGED from com.android.support:support-compat:25.0.0:21:5
MERGED from com.android.support:support-core-utils:25.0.0:21:5
MERGED from com.android.support:support-compat:25.0.0:21:5
	tools:overrideLibrary
		ADDED from com.android.support:support-v4:25.0.0:23:9
	android:targetSdkVersion
		INJECTED from AndroidManifest.xml:0:0
		INJECTED from AndroidManifest.xml:0:0
	android:minSdkVersion
		INJECTED from AndroidManifest.xml:0:0
		INJECTED from AndroidManifest.xml:0:0
uses-permission#android.permission.BLUETOOTH
ADDED from com.akexorcist:library:1.0.0:7:5
	android:name
		ADDED from com.akexorcist:library:1.0.0:7:22
uses-permission#android.permission.BLUETOOTH_ADMIN
ADDED from com.akexorcist:library:1.0.0:8:5
	android:name
		ADDED from com.akexorcist:library:1.0.0:8:22
uses-permission#android.permission.INTERNET
ADDED from com.akexorcist:library:1.0.0:9:5
	android:name
		ADDED from com.akexorcist:library:1.0.0:9:22
uses-permission#android.permission.WRITE_EXTERNAL_STORAGE
ADDED from com.akexorcist:library:1.0.0:10:5
	android:name
		ADDED from com.akexorcist:library:1.0.0:10:22
uses-permission#android.permission.READ_EXTERNAL_STORAGE
ADDED from com.akexorcist:library:1.0.0:11:5
	android:name
		ADDED from com.akexorcist:library:1.0.0:11:22
activity#app.akexorcist.bluetotohspp.library.DeviceList
ADDED from com.akexorcist:library:1.0.0:14:9
	android:name
		ADDED from com.akexorcist:library:1.0.0:14:19
android:uses-permission#android.permission.WRITE_EXTERNAL_STORAGE
IMPLIED from AndroidManifest.xml:2:1 reason: app.akexorcist.bluetotohspp.library has a targetSdkVersion < 4
android:uses-permission#android.permission.READ_PHONE_STATE
IMPLIED from AndroidManifest.xml:2:1 reason: app.akexorcist.bluetotohspp.library has a targetSdkVersion < 4